{"C:\\Users\\joeps\\coding\\misc\\joe-sql\\lib\\JoeSQL.js": {"path":"C:\\Users\\joeps\\coding\\misc\\joe-sql\\lib\\JoeSQL.js","statementMap":{"0":{"start":{"line":2,"column":17},"end":{"line":4,"column":1}},"1":{"start":{"line":3,"column":4},"end":{"line":3,"column":68}},"2":{"start":{"line":8,"column":8},"end":{"line":8,"column":28}},"3":{"start":{"line":11,"column":13},"end":{"line":17,"column":5}},"4":{"start":{"line":12,"column":8},"end":{"line":12,"column":67}},"5":{"start":{"line":14,"column":8},"end":{"line":14,"column":60}},"6":{"start":{"line":16,"column":8},"end":{"line":16,"column":20}},"7":{"start":{"line":19,"column":21},"end":{"line":25,"column":5}},"8":{"start":{"line":20,"column":8},"end":{"line":20,"column":67}},"9":{"start":{"line":22,"column":8},"end":{"line":22,"column":69}},"10":{"start":{"line":24,"column":8},"end":{"line":24,"column":20}},"11":{"start":{"line":27,"column":19},"end":{"line":31,"column":5}},"12":{"start":{"line":28,"column":8},"end":{"line":28,"column":80}},"13":{"start":{"line":28,"column":39},"end":{"line":28,"column":80}},"14":{"start":{"line":30,"column":8},"end":{"line":30,"column":87}},"15":{"start":{"line":33,"column":12},"end":{"line":37,"column":5}},"16":{"start":{"line":34,"column":8},"end":{"line":34,"column":69}},"17":{"start":{"line":36,"column":8},"end":{"line":36,"column":20}},"18":{"start":{"line":39,"column":10},"end":{"line":43,"column":5}},"19":{"start":{"line":40,"column":8},"end":{"line":40,"column":67}},"20":{"start":{"line":42,"column":8},"end":{"line":42,"column":20}},"21":{"start":{"line":45,"column":9},"end":{"line":49,"column":5}},"22":{"start":{"line":46,"column":8},"end":{"line":46,"column":66}},"23":{"start":{"line":48,"column":8},"end":{"line":48,"column":20}}},"fnMap":{"0":{"name":"(anonymous_0)","decl":{"start":{"line":2,"column":17},"end":{"line":2,"column":18}},"loc":{"start":{"line":2,"column":29},"end":{"line":4,"column":1}},"line":2},"1":{"name":"(anonymous_1)","decl":{"start":{"line":7,"column":4},"end":{"line":7,"column":5}},"loc":{"start":{"line":7,"column":18},"end":{"line":9,"column":5}},"line":7},"2":{"name":"(anonymous_2)","decl":{"start":{"line":11,"column":13},"end":{"line":11,"column":14}},"loc":{"start":{"line":11,"column":36},"end":{"line":17,"column":5}},"line":11},"3":{"name":"(anonymous_3)","decl":{"start":{"line":19,"column":21},"end":{"line":19,"column":22}},"loc":{"start":{"line":19,"column":44},"end":{"line":25,"column":5}},"line":19},"4":{"name":"(anonymous_4)","decl":{"start":{"line":27,"column":19},"end":{"line":27,"column":20}},"loc":{"start":{"line":27,"column":50},"end":{"line":31,"column":5}},"line":27},"5":{"name":"(anonymous_5)","decl":{"start":{"line":33,"column":12},"end":{"line":33,"column":13}},"loc":{"start":{"line":33,"column":38},"end":{"line":37,"column":5}},"line":33},"6":{"name":"(anonymous_6)","decl":{"start":{"line":39,"column":10},"end":{"line":39,"column":11}},"loc":{"start":{"line":39,"column":36},"end":{"line":43,"column":5}},"line":39},"7":{"name":"(anonymous_7)","decl":{"start":{"line":45,"column":9},"end":{"line":45,"column":10}},"loc":{"start":{"line":45,"column":35},"end":{"line":49,"column":5}},"line":45}},"branchMap":{"0":{"loc":{"start":{"line":3,"column":12},"end":{"line":3,"column":66}},"type":"binary-expr","locations":[{"start":{"line":3,"column":12},"end":{"line":3,"column":38}},{"start":{"line":3,"column":42},"end":{"line":3,"column":66}}],"line":3},"1":{"loc":{"start":{"line":12,"column":18},"end":{"line":12,"column":66}},"type":"cond-expr","locations":[{"start":{"line":12,"column":42},"end":{"line":12,"column":45}},{"start":{"line":12,"column":48},"end":{"line":12,"column":66}}],"line":12},"2":{"loc":{"start":{"line":20,"column":18},"end":{"line":20,"column":66}},"type":"cond-expr","locations":[{"start":{"line":20,"column":42},"end":{"line":20,"column":45}},{"start":{"line":20,"column":48},"end":{"line":20,"column":66}}],"line":20},"3":{"loc":{"start":{"line":28,"column":8},"end":{"line":28,"column":80}},"type":"if","locations":[{"start":{"line":28,"column":8},"end":{"line":28,"column":80}},{"start":{},"end":{}}],"line":28},"4":{"loc":{"start":{"line":30,"column":31},"end":{"line":30,"column":48}},"type":"cond-expr","locations":[{"start":{"line":30,"column":37},"end":{"line":30,"column":43}},{"start":{"line":30,"column":46},"end":{"line":30,"column":48}}],"line":30},"5":{"loc":{"start":{"line":33,"column":24},"end":{"line":33,"column":33}},"type":"default-arg","locations":[{"start":{"line":33,"column":28},"end":{"line":33,"column":33}}],"line":33},"6":{"loc":{"start":{"line":39,"column":22},"end":{"line":39,"column":31}},"type":"default-arg","locations":[{"start":{"line":39,"column":26},"end":{"line":39,"column":31}}],"line":39},"7":{"loc":{"start":{"line":45,"column":21},"end":{"line":45,"column":30}},"type":"default-arg","locations":[{"start":{"line":45,"column":25},"end":{"line":45,"column":30}}],"line":45}},"s":{"0":1,"1":3,"2":10,"3":10,"4":3,"5":3,"6":3,"7":10,"8":3,"9":3,"10":3,"11":10,"12":3,"13":2,"14":3,"15":10,"16":3,"17":3,"18":10,"19":0,"20":0,"21":10,"22":0,"23":0},"f":{"0":3,"1":10,"2":3,"3":3,"4":3,"5":3,"6":0,"7":0},"b":{"0":[3,1],"1":[1,2],"2":[1,2],"3":[2,1],"4":[1,2],"5":[2],"6":[0],"7":[0]},"_coverageSchema":"1a1c01bbd47fc00a2c39e90264f33305004495a9","hash":"9b43f9b7bf57c0206825236a8ab3ec86af3e651f"}
}
