TN:
SF:lib\JoeSQL.js
FN:2,(anonymous_0)
FN:7,(anonymous_1)
FN:11,(anonymous_2)
FN:19,(anonymous_3)
FN:27,(anonymous_4)
FN:33,(anonymous_5)
FN:39,(anonymous_6)
FN:45,(anonymous_7)
FNF:8
FNH:6
FNDA:3,(anonymous_0)
FNDA:10,(anonymous_1)
FNDA:3,(anonymous_2)
FNDA:3,(anonymous_3)
FNDA:3,(anonymous_4)
FNDA:3,(anonymous_5)
FNDA:0,(anonymous_6)
FNDA:0,(anonymous_7)
DA:2,1
DA:3,3
DA:8,10
DA:11,10
DA:12,3
DA:14,3
DA:16,3
DA:19,10
DA:20,3
DA:22,3
DA:24,3
DA:27,10
DA:28,3
DA:30,3
DA:33,10
DA:34,3
DA:36,3
DA:39,10
DA:40,0
DA:42,0
DA:45,10
DA:46,0
DA:48,0
LF:23
LH:19
BRDA:3,0,0,3
BRDA:3,0,1,1
BRDA:12,1,0,1
BRDA:12,1,1,2
BRDA:20,2,0,1
BRDA:20,2,1,2
BRDA:28,3,0,2
BRDA:28,3,1,1
BRDA:30,4,0,1
BRDA:30,4,1,2
BRDA:33,5,0,2
BRDA:39,6,0,0
BRDA:45,7,0,0
BRF:13
BRH:11
end_of_record
